#
# An unexpected error has been detected by Java Runtime Environment:
#
# java.lang.OutOfMemoryError: requested 32784 bytes for Chunk::new. Out of swap space?
#
#  Internal Error (allocation.cpp:218), pid=10592, tid=9060
#  Error: Chunk::new
#
# Java VM: Java HotSpot(TM) 64-Bit Server VM (11.2-b01 mixed mode windows-amd64)
# If you would like to submit a bug report, please visit:
#   http://java.sun.com/webapps/bugreport/crash.jsp
# The crash happened outside the Java Virtual Machine in native code.
# See problematic frame for where to report the bug.
#

---------------  T H R E A D  ---------------

Current thread (0x00000000261dac00):  JavaThread "CompilerThread0" daemon [_thread_in_native, id=9060, stack(0x0000000027440000,0x0000000028440000)]

Stack: [0x0000000027440000,0x0000000028440000]

Current CompileTask:
C2:746      java.awt.Container.recursiveApplyCurrentShape(II)V (174 bytes)


---------------  P R O C E S S  ---------------

Java Threads: ( => current thread )
  0x000000002cb79000 JavaThread "Inactive RequestProcessor thread [Was:TimedSoftReference/org.openide.util.TimedSoftReference]" daemon [_thread_blocked, id=9208, stack(0x0000000039f30000,0x0000000039fb0000)]
  0x000000002cb78c00 JavaThread "Thread-25" [_thread_blocked, id=12224, stack(0x0000000039eb0000,0x0000000039f30000)]
  0x000000002cb78400 JavaThread "Active Reference Queue Daemon" daemon [_thread_blocked, id=11144, stack(0x0000000039e30000,0x0000000039eb0000)]
  0x000000002cb77c00 JavaThread "Timer-18" daemon [_thread_blocked, id=10020, stack(0x0000000039d30000,0x0000000039db0000)]
  0x000000002cb77400 JavaThread "FelixPackageAdmin" daemon [_thread_blocked, id=12376, stack(0x0000000039cb0000,0x0000000039d30000)]
  0x000000002cb76c00 JavaThread "FelixStartLevel" daemon [_thread_blocked, id=11232, stack(0x0000000030ed0000,0x0000000030f50000)]
  0x000000002cb76800 JavaThread "FelixDispatchQueue" [_thread_blocked, id=3392, stack(0x000000002d650000,0x000000002d6d0000)]
  0x000000002cb75800 JavaThread "Prefs Updater" daemon [_thread_blocked, id=8808, stack(0x000000002fc60000,0x000000002fce0000)]
  0x000000002cb75000 JavaThread "Timer-10" daemon [_thread_blocked, id=10072, stack(0x000000002fce0000,0x000000002fd60000)]
  0x000000002c9b1400 JavaThread "Timer-1" [_thread_blocked, id=6884, stack(0x000000002e820000,0x000000002e8a0000)]
  0x000000002ca65800 JavaThread "TimerQueue" daemon [_thread_blocked, id=11148, stack(0x000000002d7d0000,0x000000002d850000)]
  0x000000002cce3400 JavaThread "AWT-EventQueue-0" [_thread_in_Java, id=5072, stack(0x000000002d750000,0x000000002d7d0000)]
  0x000000002c64ac00 JavaThread "AWT-Shutdown" [_thread_blocked, id=11604, stack(0x000000002bcc0000,0x000000002bd40000)]
  0x000000002b916800 JavaThread "AWT-Windows" daemon [_thread_in_native, id=2884, stack(0x000000002bc40000,0x000000002bcc0000)]
  0x000000002b83a800 JavaThread "Java2D Disposer" daemon [_thread_blocked, id=10844, stack(0x000000002a990000,0x000000002aa10000)]
  0x000000002a560c00 JavaThread "Timer-0" [_thread_blocked, id=11912, stack(0x000000002a8c0000,0x000000002a940000)]
  0x000000002a5ae000 JavaThread "JMI Unnamed Thread" [_thread_in_native, id=7672, stack(0x0000000005980000,0x0000000006980000)]
  0x00000000261e6400 JavaThread "Low Memory Detector" daemon [_thread_blocked, id=12780, stack(0x0000000029440000,0x00000000294c0000)]
  0x00000000261e0c00 JavaThread "CompilerThread1" daemon [_thread_blocked, id=11704, stack(0x0000000028440000,0x0000000029440000)]
=>0x00000000261dac00 JavaThread "CompilerThread0" daemon [_thread_in_native, id=9060, stack(0x0000000027440000,0x0000000028440000)]
  0x00000000261d9c00 JavaThread "Attach Listener" daemon [_thread_blocked, id=6872, stack(0x00000000273c0000,0x0000000027440000)]
  0x0000000026167c00 JavaThread "Finalizer" daemon [_thread_blocked, id=1104, stack(0x0000000027340000,0x00000000273c0000)]
  0x0000000026167000 JavaThread "Reference Handler" daemon [_thread_blocked, id=7776, stack(0x00000000272c0000,0x0000000027340000)]
  0x0000000001641c00 JavaThread "main" [_thread_in_native, id=10940, stack(0x0000000000030000,0x0000000001030000)]

Other Threads:
  0x0000000026160400 VMThread [stack: 0x00000000262c0000,0x00000000272c0000] [id=13036]
  0x0000000026218000 WatcherThread [stack: 0x00000000294c0000,0x000000002a4c0000] [id=9948]

VM state:not at safepoint (normal execution)

VM Mutex/Monitor currently owned by a thread: None

Heap
 PSYoungGen      total 33472K, used 17632K [0x000000001ee80000, 0x0000000021f80000, 0x0000000021f80000)
  eden space 16768K, 43% used [0x000000001ee80000,0x000000001f596c80,0x000000001fee0000)
  from space 16704K, 62% used [0x0000000020f30000,0x0000000021951390,0x0000000021f80000)
  to   space 16704K, 0% used [0x000000001fee0000,0x000000001fee0000,0x0000000020f30000)
 PSOldGen        total 150528K, used 122526K [0x0000000015b80000, 0x000000001ee80000, 0x000000001ee80000)
  object space 150528K, 81% used [0x0000000015b80000,0x000000001d327ab0,0x000000001ee80000)
 PSPermGen       total 74880K, used 52332K [0x000000000db80000, 0x00000000124a0000, 0x0000000015b80000)
  object space 74880K, 69% used [0x000000000db80000,0x0000000010e9b2d0,0x00000000124a0000)

Dynamic libraries:
0x0000000140000000 - 0x0000000140038000 	C:\Program Files\MATLAB\R2009b\bin\win64\matlab.exe
0x00000000776e0000 - 0x0000000077889000 	C:\Windows\SYSTEM32\ntdll.dll
0x00000000774c0000 - 0x00000000775df000 	C:\Windows\system32\kernel32.dll
0x000007fefd660000 - 0x000007fefd6cc000 	C:\Windows\system32\KERNELBASE.dll
0x000000007cdb0000 - 0x000000007ceb9000 	C:\Program Files\MATLAB\R2009b\bin\win64\libut.dll
0x000007feff6a0000 - 0x000007feff6b9000 	C:\Windows\system32\imagehlp.dll
0x000007fefdc90000 - 0x000007fefdd2f000 	C:\Windows\system32\msvcrt.dll
0x000007fefe0a0000 - 0x000007fefe17b000 	C:\Windows\system32\ADVAPI32.dll
0x000007fefe080000 - 0x000007fefe09f000 	C:\Windows\SYSTEM32\sechost.dll
0x000007fefe470000 - 0x000007fefe59d000 	C:\Windows\system32\RPCRT4.dll
0x00000000778a0000 - 0x00000000778a7000 	C:\Windows\system32\PSAPI.DLL
0x000000007d620000 - 0x000000007d648000 	C:\Program Files\MATLAB\R2009b\bin\win64\LIBEXPAT.dll
0x0000000072b10000 - 0x0000000072bd9000 	C:\Windows\WinSxS\amd64_microsoft.vc80.crt_1fc8b3b9a1e18e3b_8.0.50727.6229_none_88dcc0bf2fb1b808\MSVCR80.dll
0x000000007d320000 - 0x000000007d44c000 	C:\Program Files\MATLAB\R2009b\bin\win64\icuuc40.dll
0x000000007c760000 - 0x000000007c763000 	C:\Program Files\MATLAB\R2009b\bin\win64\icudt40.dll
0x000000007c770000 - 0x000000007c780000 	C:\Program Files\MATLAB\R2009b\bin\win64\icuio40.dll
0x000000007ca60000 - 0x000000007cbb3000 	C:\Program Files\MATLAB\R2009b\bin\win64\icuin40.dll
0x0000000070e80000 - 0x0000000070f89000 	C:\Windows\WinSxS\amd64_microsoft.vc80.crt_1fc8b3b9a1e18e3b_8.0.50727.6229_none_88dcc0bf2fb1b808\MSVCP80.dll
0x00000000775e0000 - 0x00000000776da000 	C:\Windows\system32\USER32.dll
0x000007fefdf90000 - 0x000007fefdff7000 	C:\Windows\system32\GDI32.dll
0x000007feff520000 - 0x000007feff52e000 	C:\Windows\system32\LPK.dll
0x000007feff450000 - 0x000007feff519000 	C:\Windows\system32\USP10.dll
0x0000000078820000 - 0x0000000078890000 	C:\Program Files\MATLAB\R2009b\bin\win64\libmwfl.dll
0x000000007e820000 - 0x000000007e82f000 	C:\Program Files\MATLAB\R2009b\bin\win64\boost_date_time-vc80-mt-1_36.dll
0x000000007e800000 - 0x000000007e816000 	C:\Program Files\MATLAB\R2009b\bin\win64\boost_signals-vc80-mt-1_36.dll
0x000000007dae0000 - 0x000000007dae9000 	C:\Program Files\MATLAB\R2009b\bin\win64\boost_system-vc80-mt-1_36.dll
0x000000007c740000 - 0x000000007c751000 	C:\Program Files\MATLAB\R2009b\bin\win64\boost_thread-vc80-mt-1_36.dll
0x000000007cf70000 - 0x000000007d1e1000 	C:\Program Files\MATLAB\R2009b\bin\win64\libmwservices.dll
0x000000007cec0000 - 0x000000007cf6f000 	C:\Program Files\MATLAB\R2009b\bin\win64\libmx.dll
0x0000000079070000 - 0x0000000079087000 	C:\Program Files\MATLAB\R2009b\bin\win64\zlib1.dll
0x000000007d1f0000 - 0x000000007d318000 	C:\Program Files\MATLAB\R2009b\bin\win64\libmwmathutil.dll
0x000000007a660000 - 0x000000007a6b8000 	C:\Program Files\MATLAB\R2009b\bin\win64\mpath.dll
0x000000007d650000 - 0x000000007d6a1000 	C:\Program Files\MATLAB\R2009b\bin\win64\mlutil.dll
0x00000000787b0000 - 0x00000000787ee000 	C:\Program Files\MATLAB\R2009b\bin\win64\tbb.dll
0x000007fee9c70000 - 0x000007fee9d10000 	C:\Windows\WinSxS\amd64_microsoft.windows.common-controls_6595b64144ccf1df_5.82.7601.18837_none_a4d981ff711297b6\COMCTL32.dll
0x000007fefd9e0000 - 0x000007fefda77000 	C:\Windows\system32\comdlg32.dll
0x000007feff3d0000 - 0x000007feff441000 	C:\Windows\system32\SHLWAPI.dll
0x000007fefe640000 - 0x000007feff3c9000 	C:\Windows\system32\SHELL32.dll
0x000007fefb0a0000 - 0x000007fefb0b6000 	C:\Windows\system32\NETAPI32.dll
0x000007fefc870000 - 0x000007fefc87c000 	C:\Windows\system32\netutils.dll
0x000007fefcff0000 - 0x000007fefd013000 	C:\Windows\system32\srvcli.dll
0x000007fefb060000 - 0x000007fefb075000 	C:\Windows\system32\wkscli.dll
0x000007feff6c0000 - 0x000007feff70d000 	C:\Windows\system32\WS2_32.dll
0x000007feff710000 - 0x000007feff718000 	C:\Windows\system32\NSI.dll
0x000000007eaa0000 - 0x000000007eabd000 	C:\Program Files\MATLAB\R2009b\bin\win64\boost_filesystem-vc80-mt-1_36.dll
0x000000007acf0000 - 0x000000007ad87000 	C:\Program Files\MATLAB\R2009b\bin\win64\mcr.dll
0x000000007c780000 - 0x000000007c80c000 	C:\Program Files\MATLAB\R2009b\bin\win64\iqm.dll
0x000000007b440000 - 0x000000007bd40000 	C:\Program Files\MATLAB\R2009b\bin\win64\m_interpreter.dll
0x000000007c830000 - 0x000000007c840000 	C:\Program Files\MATLAB\R2009b\bin\win64\libmex.dll
0x000000007ab60000 - 0x000000007ac0b000 	C:\Program Files\MATLAB\R2009b\bin\win64\m_dispatcher.dll
0x000000007e720000 - 0x000000007e7ac000 	C:\Program Files\MATLAB\R2009b\bin\win64\xmlcore.dll
0x000000007a020000 - 0x000000007a2b5000 	C:\Program Files\MATLAB\R2009b\bin\win64\xerces-c_2_7.dll
0x000000007e980000 - 0x000000007ea71000 	C:\Program Files\MATLAB\R2009b\bin\win64\boost_regex-vc80-mt-1_36.dll
0x000000007aa00000 - 0x000000007aa91000 	C:\Program Files\MATLAB\R2009b\bin\win64\profiler.dll
0x000000007c8b0000 - 0x000000007c8da000 	C:\Program Files\MATLAB\R2009b\bin\win64\libmwmathrng.dll
0x0000000078fd0000 - 0x0000000078fea000 	C:\Program Files\MATLAB\R2009b\bin\win64\m_pcodeio.dll
0x000000007a610000 - 0x000000007a65d000 	C:\Program Files\MATLAB\R2009b\bin\win64\m_ir.dll
0x000000007ae40000 - 0x000000007b433000 	C:\Program Files\MATLAB\R2009b\bin\win64\m_parser.dll
0x000000007c810000 - 0x000000007c824000 	C:\Program Files\MATLAB\R2009b\bin\win64\ir_xfmr.dll
0x0000000078890000 - 0x0000000078b39000 	C:\Program Files\MATLAB\R2009b\bin\win64\mcos.dll
0x000000007c8f0000 - 0x000000007c8fc000 	C:\Program Files\MATLAB\R2009b\bin\win64\mtok.dll
0x0000000078fb0000 - 0x0000000078fd0000 	C:\Program Files\MATLAB\R2009b\bin\win64\m_pcodegen.dll
0x000007fef8c60000 - 0x000007fef8d85000 	C:\Windows\system32\dbghelp.dll
0x0000000078ec0000 - 0x0000000078ee4000 	C:\Program Files\MATLAB\R2009b\bin\win64\bridge.dll
0x000000007c3d0000 - 0x000000007c490000 	C:\Program Files\MATLAB\R2009b\bin\win64\udd.dll
0x000000007d450000 - 0x000000007d59d000 	C:\Program Files\MATLAB\R2009b\bin\win64\libmwgui.dll
0x00000000790e0000 - 0x000000007980b000 	C:\Program Files\MATLAB\R2009b\bin\win64\hg.dll
0x0000000078ef0000 - 0x0000000078f2c000 	C:\Program Files\MATLAB\R2009b\bin\win64\libmat.dll
0x000000007cbc0000 - 0x000000007cdae000 	C:\Program Files\MATLAB\R2009b\bin\win64\libhdf5.dll
0x000000007a550000 - 0x000000007a5af000 	C:\Program Files\MATLAB\R2009b\bin\win64\jmi.dll
0x000000007a490000 - 0x000000007a4d0000 	C:\Program Files\MATLAB\R2009b\bin\win64\libmwhardcopy.dll
0x000000007a5b0000 - 0x000000007a60a000 	C:\Program Files\MATLAB\R2009b\bin\win64\libuij.dll
0x0000000078680000 - 0x00000000787ab000 	C:\Program Files\MATLAB\R2009b\bin\win64\hgdatatypes.dll
0x0000000078630000 - 0x000000007867b000 	C:\Program Files\MATLAB\R2009b\bin\win64\hgutils.dll
0x0000000078f30000 - 0x0000000078fa5000 	C:\Program Files\MATLAB\R2009b\bin\win64\libmwlapack.dll
0x000000007c850000 - 0x000000007c863000 	C:\Program Files\MATLAB\R2009b\bin\win64\libmwbinder.dll
0x000000007c490000 - 0x000000007c73e000 	C:\Program Files\MATLAB\R2009b\bin\win64\uiw.dll
0x000000007c930000 - 0x000000007c93a000 	C:\Program Files\MATLAB\R2009b\bin\win64\uinone.dll
0x000000006fd50000 - 0x000000006feec000 	C:\Windows\WinSxS\amd64_microsoft.vc80.mfc_1fc8b3b9a1e18e3b_8.0.50727.6229_none_844155733294a6fd\MFC80.DLL
0x000007fefac70000 - 0x000007feface1000 	C:\Windows\system32\WINSPOOL.DRV
0x000007fefda80000 - 0x000007fefdc83000 	C:\Windows\system32\ole32.dll
0x000007feff5c0000 - 0x000007feff697000 	C:\Windows\system32\OLEAUT32.dll
0x000000007ad90000 - 0x000000007ae3f000 	C:\Program Files\MATLAB\R2009b\bin\win64\udd_mi.dll
0x0000000078ff0000 - 0x0000000079008000 	C:\Program Files\MATLAB\R2009b\bin\win64\mwoles05.DLL
0x000000007a990000 - 0x000000007a9fa000 	C:\Program Files\MATLAB\R2009b\bin\win64\comcli.dll
0x0000000071f60000 - 0x0000000071f80000 	C:\Windows\WinSxS\amd64_microsoft.vc80.atl_1fc8b3b9a1e18e3b_8.0.50727.6229_none_8a167c0b2edeae4c\ATL80.DLL
0x000000007c8e0000 - 0x000000007c8ee000 	C:\Program Files\MATLAB\R2009b\bin\win64\mlautoregister.dll
0x000007feff530000 - 0x000007feff55e000 	C:\Windows\system32\IMM32.DLL
0x000007fefe180000 - 0x000007fefe289000 	C:\Windows\system32\MSCTF.dll
0x0000000071be0000 - 0x0000000071bea000 	C:\Windows\WinSxS\amd64_microsoft.vc80.mfcloc_1fc8b3b9a1e18e3b_8.0.50727.6229_none_bc1998510be3d041\MFC80CHT.DLL
0x000007fefba00000 - 0x000007fefba56000 	C:\Windows\system32\uxtheme.dll
0x000007fefd4a0000 - 0x000007fefd4af000 	C:\Windows\system32\profapi.dll
0x000007fefab40000 - 0x000007fefab67000 	C:\Windows\system32\iphlpapi.dll
0x000007fefab00000 - 0x000007fefab0b000 	C:\Windows\system32\WINNSI.DLL
0x000007fefcab0000 - 0x000007fefcb0b000 	C:\Windows\system32\DNSAPI.dll
0x000007fefa660000 - 0x000007fefa678000 	C:\Windows\system32\dhcpcsvc.DLL
0x000007fefa620000 - 0x000007fefa631000 	C:\Windows\system32\dhcpcsvc6.DLL
0x0000000071bf0000 - 0x0000000071bf3000 	C:\Windows\system32\icmp.Dll
0x000007fefd2f0000 - 0x000007fefd2ff000 	C:\Windows\system32\CRYPTBASE.dll
0x000000006d7f0000 - 0x000000006dda8000 	C:\Program Files\MATLAB\R2009b\sys\java\jre\win64\jre\bin\server\jvm.dll
0x000007fefad30000 - 0x000007fefad6b000 	C:\Windows\system32\WINMM.dll
0x000000007ab10000 - 0x000000007ab1a000 	C:\Program Files\MATLAB\R2009b\sys\java\jre\win64\jre\bin\hpi.dll
0x000000007ab30000 - 0x000000007ab3e000 	C:\Program Files\MATLAB\R2009b\sys\java\jre\win64\jre\bin\verify.dll
0x0000000079090000 - 0x00000000790b7000 	C:\Program Files\MATLAB\R2009b\sys\java\jre\win64\jre\bin\java.dll
0x000000007ab40000 - 0x000000007ab52000 	C:\Program Files\MATLAB\R2009b\sys\java\jre\win64\jre\bin\zip.dll
0x000007fefb880000 - 0x000007fefb898000 	C:\Windows\system32\dwmapi.dll
0x0000000079010000 - 0x0000000079032000 	C:\Program Files\MATLAB\R2009b\bin\win64\nativejava.dll
0x0000000079040000 - 0x000000007906b000 	C:\Program Files\MATLAB\R2009b\bin\win64\nativejmi.dll
0x000000007c920000 - 0x000000007c927000 	C:\Program Files\MATLAB\R2009b\bin\win64\nativeservices.dll
0x000000007a2c0000 - 0x000000007a482000 	C:\Program Files\MATLAB\R2009b\sys\java\jre\win64\jre\bin\awt.dll
0x000000007ac10000 - 0x000000007ac7b000 	C:\Program Files\MATLAB\R2009b\sys\java\jre\win64\jre\bin\fontmanager.dll
0x00000000790c0000 - 0x00000000790d7000 	C:\Program Files\MATLAB\R2009b\sys\java\jre\win64\jre\bin\net.dll
0x000007fefcc30000 - 0x000007fefcc85000 	C:\Windows\system32\mswsock.dll
0x000007fefcc20000 - 0x000007fefcc27000 	C:\Windows\System32\wship6.dll
0x000000007ab20000 - 0x000000007ab2b000 	C:\Program Files\MATLAB\R2009b\sys\java\jre\win64\jre\bin\nio.dll
0x000007fefcc90000 - 0x000007fefcca8000 	C:\Windows\system32\CRYPTSP.dll
0x000007fefc990000 - 0x000007fefc9d7000 	C:\Windows\system32\rsaenh.dll
0x000007fefd7c0000 - 0x000007fefd7de000 	C:\Windows\system32\USERENV.dll
0x000007fefb1d0000 - 0x000007fefb1e5000 	C:\Windows\system32\NLAapi.dll
0x000007fef8ae0000 - 0x000007fef8af5000 	C:\Windows\system32\napinsp.dll
0x000007fef8e70000 - 0x000007fef8e89000 	C:\Windows\system32\pnrpnsp.dll
0x000007fef8aa0000 - 0x000007fef8aab000 	C:\Windows\System32\winrnr.dll
0x000007fef8a90000 - 0x000007fef8aa0000 	C:\Windows\system32\wshbth.dll
0x000007fef8ab0000 - 0x000007fef8adf000 	C:\Program Files\Common Files\Microsoft Shared\Windows Live\WLIDNSP.DLL
0x000007fefc5f0000 - 0x000007fefc5f7000 	C:\Windows\System32\wshtcpip.dll
0x000007fef9b20000 - 0x000007fef9b28000 	C:\Windows\system32\rasadhlp.dll
0x000007fefa8a0000 - 0x000007fefa8f3000 	C:\Windows\System32\fwpuclnt.dll
0x0000000078300000 - 0x000000007830a000 	C:\Program Files\MATLAB\R2009b\bin\win64\nativelmgr.dll

VM Arguments:
jvm_args: -Xss512k -XX:PermSize=32m -Xms64m -XX:NewRatio=3 -XX:MaxPermSize=128m -Xmx196m -XX:MaxDirectMemorySize=2147400000 -Dsun.java2d.noddraw=true -Dsun.awt.nopixfmt=true -Xshare:off -Xrs -Djava.library.path=C:\Program Files\MATLAB\R2009b\bin\win64 vfprintf abort 
java_command: <unknown>
Launcher Type: generic

Environment Variables:
PATH=C:\PROGRA~2\Borland\CBUILD~1\Bin;C:\PROGRA~2\Borland\CBUILD~1\Projects\Bpl;C:\ProgramData\Oracle\Java\javapath;C:\Program Files\Common Files\Microsoft Shared\Windows Live;C:\Program Files (x86)\Common Files\Microsoft Shared\Windows Live;C:\Program Files (x86)\Intel\iCLS Client\;C:\Program Files\Intel\iCLS Client\;C:\Windows\system32;C:\Windows;C:\Windows\System32\Wbem;C:\Windows\System32\WindowsPowerShell\v1.0\;C:\Program Files\Intel\Intel(R) Management Engine Components\DAL;C:\Program Files\Intel\Intel(R) Management Engine Components\IPT;C:\Program Files (x86)\Intel\Intel(R) Management Engine Components\DAL;C:\Program Files (x86)\Intel\Intel(R) Management Engine Components\IPT;C:\Program Files (x86)\Windows Live\Shared;C:\jdk\bin;C:\Program Files\Microsoft SQL Server\120\Tools\Binn\;C:\Program Files\Microsoft SQL Server\Client SDK\ODBC\110\Tools\Binn\;C:\Program Files (x86)\Microsoft SQL Server\120\Tools\Binn\;C:\Program Files\Microsoft SQL Server\120\DTS\Binn\;C:\Program Files (x86)\Microsoft SQL Server\120\Tools\Binn\ManagementStudio\;C:\Program Files (x86)\Microsoft SQL Server\120\DTS\Binn\;C:\Program Files\Microsoft\Web Platform Installer\;C:\Program Files (x86)\Microsoft ASP.NET\ASP.NET Web Pages\v1.0\;C:\Program Files (x86)\Windows Kits\8.0\Windows Performance Toolkit\;C:\Program Files\Microsoft SQL Server\110\Tools\Binn\;C:\Program Files\MATLAB\R2009b\runtime\win64;C:\Program Files\MATLAB\R2009b\bin;C:\Program Files (x86)\Microsoft SQL Server\110\Tools\Binn\;C:\Program Files\Microsoft SQL Server\110\DTS\Binn\;C:\PROGRA~2\IDMCOM~1\ULTRAE~1;C:\altera\14.0\modelsim_ase\win32aloem;C:\altera\14.0\modelsim_ae\win32aloem
USERNAME=admin
OS=Windows_NT
PROCESSOR_IDENTIFIER=Intel64 Family 6 Model 69 Stepping 1, GenuineIntel



---------------  S Y S T E M  ---------------

OS: Windows NT 6.1 Build 7601 Service Pack 1

CPU:total 4 (8 cores per cpu, 2 threads per core) family 6 model 5 stepping 1, cmov, cx8, fxsr, mmx, sse, sse2, sse3, ssse3, ht

Memory: 4k page, physical 4113892k(483660k free), swap 8306360k(3332k free)

vm_info: Java HotSpot(TM) 64-Bit Server VM (11.2-b01) for windows-amd64 JRE (1.6.0_12-b04), built on Jan 17 2009 01:49:05 by "java_re" with MS VC++ 8.0

time: Thu Aug 13 01:46:01 2015
elapsed time: 96 seconds

