#
# An unexpected error has been detected by Java Runtime Environment:
#
# java.lang.OutOfMemoryError: requested 1213856 bytes for Chunk::new. Out of swap space?
#
#  Internal Error (allocation.cpp:218), pid=10880, tid=2316
#  Error: Chunk::new
#
# Java VM: Java HotSpot(TM) 64-Bit Server VM (11.2-b01 mixed mode windows-amd64)
# If you would like to submit a bug report, please visit:
#   http://java.sun.com/webapps/bugreport/crash.jsp
# The crash happened outside the Java Virtual Machine in native code.
# See problematic frame for where to report the bug.
#

---------------  T H R E A D  ---------------

Current thread (0x0000000049c8b800):  JavaThread "CompilerThread0" daemon [_thread_in_native, id=2316, stack(0x000000004a280000,0x000000004a380000)]

Stack: [0x000000004a280000,0x000000004a380000]

Current CompileTask:
C2: 38  !   sun.font.TrueTypeFont.init(I)V (485 bytes)


---------------  P R O C E S S  ---------------

Java Threads: ( => current thread )
  0x000000000054c000 JavaThread "DestroyJavaVM" [_thread_blocked, id=4156, stack(0x0000000002040000,0x0000000002140000)]
  0x0000000049d05000 JavaThread "AWT-EventQueue-0" [_thread_in_native, id=8764, stack(0x000000004ab70000,0x000000004ac70000)]
  0x0000000049d04800 JavaThread "AWT-Windows" daemon [_thread_in_native, id=5676, stack(0x000000004aa70000,0x000000004ab70000)]
  0x0000000049d02400 JavaThread "AWT-Shutdown" [_thread_blocked, id=8064, stack(0x000000004a970000,0x000000004aa70000)]
  0x0000000049c35400 JavaThread "Java2D Disposer" daemon [_thread_blocked, id=9532, stack(0x000000004a870000,0x000000004a970000)]
  0x0000000049c96000 JavaThread "Low Memory Detector" daemon [_thread_blocked, id=5064, stack(0x000000004a480000,0x000000004a580000)]
  0x0000000049c93800 JavaThread "CompilerThread1" daemon [_thread_blocked, id=4416, stack(0x000000004a380000,0x000000004a480000)]
=>0x0000000049c8b800 JavaThread "CompilerThread0" daemon [_thread_in_native, id=2316, stack(0x000000004a280000,0x000000004a380000)]
  0x0000000049c86800 JavaThread "Attach Listener" daemon [_thread_blocked, id=12584, stack(0x000000004a180000,0x000000004a280000)]
  0x0000000049c86000 JavaThread "Signal Dispatcher" daemon [_thread_blocked, id=10180, stack(0x000000004a080000,0x000000004a180000)]
  0x0000000000529800 JavaThread "Finalizer" daemon [_thread_blocked, id=10432, stack(0x0000000049f80000,0x000000004a080000)]
  0x0000000049c25400 JavaThread "Reference Handler" daemon [_thread_blocked, id=12632, stack(0x0000000049e80000,0x0000000049f80000)]

Other Threads:
  0x0000000049c21400 VMThread [stack: 0x0000000049d80000,0x0000000049e80000] [id=13180]
  0x0000000049c97000 WatcherThread [stack: 0x000000004a580000,0x000000004a680000] [id=9916]

VM state:not at safepoint (normal execution)

VM Mutex/Monitor currently owned by a thread: None

Heap
 PSYoungGen      total 18816K, used 14093K [0x00000000344b0000, 0x00000000359a0000, 0x0000000049400000)
  eden space 16192K, 87% used [0x00000000344b0000,0x00000000352735e8,0x0000000035480000)
  from space 2624K, 0% used [0x0000000035710000,0x0000000035710000,0x00000000359a0000)
  to   space 2624K, 0% used [0x0000000035480000,0x0000000035480000,0x0000000035710000)
 PSOldGen        total 42880K, used 0K [0x000000000a600000, 0x000000000cfe0000, 0x00000000344b0000)
  object space 42880K, 0% used [0x000000000a600000,0x000000000a600000,0x000000000cfe0000)
 PSPermGen       total 21248K, used 8539K [0x0000000005200000, 0x00000000066c0000, 0x000000000a600000)
  object space 21248K, 40% used [0x0000000005200000,0x0000000005a56ef8,0x00000000066c0000)

Dynamic libraries:
0x0000000000400000 - 0x000000000042e000 	C:\Program Files\MATLAB\R2009b\sys\java\jre\win64\jre\bin\java.exe
0x00000000776e0000 - 0x0000000077889000 	C:\Windows\SYSTEM32\ntdll.dll
0x00000000774c0000 - 0x00000000775df000 	C:\Windows\system32\kernel32.dll
0x000007fefd660000 - 0x000007fefd6cc000 	C:\Windows\system32\KERNELBASE.dll
0x000007fefe0a0000 - 0x000007fefe17b000 	C:\Windows\system32\ADVAPI32.dll
0x000007fefdc90000 - 0x000007fefdd2f000 	C:\Windows\system32\msvcrt.dll
0x000007fefe080000 - 0x000007fefe09f000 	C:\Windows\SYSTEM32\sechost.dll
0x000007fefe470000 - 0x000007fefe59d000 	C:\Windows\system32\RPCRT4.dll
0x000000006d7f0000 - 0x000000006dda8000 	C:\Program Files\MATLAB\R2009b\sys\java\jre\win64\jre\bin\server\jvm.dll
0x00000000775e0000 - 0x00000000776da000 	C:\Windows\system32\USER32.dll
0x000007fefdf90000 - 0x000007fefdff7000 	C:\Windows\system32\GDI32.dll
0x000007feff520000 - 0x000007feff52e000 	C:\Windows\system32\LPK.dll
0x000007feff450000 - 0x000007feff519000 	C:\Windows\system32\USP10.dll
0x000007fefad30000 - 0x000007fefad6b000 	C:\Windows\system32\WINMM.dll
0x000007feff530000 - 0x000007feff55e000 	C:\Windows\system32\IMM32.DLL
0x000007fefe180000 - 0x000007fefe289000 	C:\Windows\system32\MSCTF.dll
0x000000007ab10000 - 0x000000007ab1a000 	C:\Program Files\MATLAB\R2009b\sys\java\jre\win64\jre\bin\hpi.dll
0x00000000778a0000 - 0x00000000778a7000 	C:\Windows\system32\PSAPI.DLL
0x000000007ab30000 - 0x000000007ab3e000 	C:\Program Files\MATLAB\R2009b\sys\java\jre\win64\jre\bin\verify.dll
0x0000000079090000 - 0x00000000790b7000 	C:\Program Files\MATLAB\R2009b\sys\java\jre\win64\jre\bin\java.dll
0x000000007ab40000 - 0x000000007ab52000 	C:\Program Files\MATLAB\R2009b\sys\java\jre\win64\jre\bin\zip.dll
0x000000007a2c0000 - 0x000000007a482000 	C:\Program Files\MATLAB\R2009b\sys\java\jre\win64\jre\bin\awt.dll
0x000007fefac70000 - 0x000007feface1000 	C:\Windows\system32\WINSPOOL.DRV
0x000007fefda80000 - 0x000007fefdc83000 	C:\Windows\system32\ole32.dll
0x000007fefe640000 - 0x000007feff3c9000 	C:\Windows\system32\SHELL32.dll
0x000007feff3d0000 - 0x000007feff441000 	C:\Windows\system32\SHLWAPI.dll
0x000007fefba60000 - 0x000007fefbc54000 	C:\Windows\WinSxS\amd64_microsoft.windows.common-controls_6595b64144ccf1df_6.0.7601.18837_none_fa3b1e3d17594757\comctl32.dll
0x000007fefb880000 - 0x000007fefb898000 	C:\Windows\system32\DWMAPI.DLL
0x000007fefba00000 - 0x000007fefba56000 	C:\Windows\system32\uxtheme.dll
0x000007fefd2f0000 - 0x000007fefd2ff000 	C:\Windows\system32\CRYPTBASE.dll
0x000000007ac10000 - 0x000000007ac7b000 	C:\Program Files\MATLAB\R2009b\sys\java\jre\win64\jre\bin\fontmanager.dll
0x00000000790c0000 - 0x00000000790d7000 	C:\Program Files\MATLAB\R2009b\sys\java\jre\win64\jre\bin\net.dll
0x000007feff6c0000 - 0x000007feff70d000 	C:\Windows\system32\WS2_32.dll
0x000007feff710000 - 0x000007feff718000 	C:\Windows\system32\NSI.dll
0x000007fefcc30000 - 0x000007fefcc85000 	C:\Windows\system32\mswsock.dll
0x000007fefcc20000 - 0x000007fefcc27000 	C:\Windows\System32\wship6.dll
0x000000007ab20000 - 0x000000007ab2b000 	C:\Program Files\MATLAB\R2009b\sys\java\jre\win64\jre\bin\nio.dll

VM Arguments:
java_command: com.mathworks.fatalexit.FatalExitFrame C:\Users\admin\AppData\Local\Temp\matlab_crash_dump.11680 true
Launcher Type: SUN_STANDARD

Environment Variables:
PATH=C:\PROGRA~2\Borland\CBUILD~1\Bin;C:\PROGRA~2\Borland\CBUILD~1\Projects\Bpl;C:\ProgramData\Oracle\Java\javapath;C:\Program Files\Common Files\Microsoft Shared\Windows Live;C:\Program Files (x86)\Common Files\Microsoft Shared\Windows Live;C:\Program Files (x86)\Intel\iCLS Client\;C:\Program Files\Intel\iCLS Client\;C:\Windows\system32;C:\Windows;C:\Windows\System32\Wbem;C:\Windows\System32\WindowsPowerShell\v1.0\;C:\Program Files\Intel\Intel(R) Management Engine Components\DAL;C:\Program Files\Intel\Intel(R) Management Engine Components\IPT;C:\Program Files (x86)\Intel\Intel(R) Management Engine Components\DAL;C:\Program Files (x86)\Intel\Intel(R) Management Engine Components\IPT;C:\Program Files (x86)\Windows Live\Shared;C:\jdk\bin;C:\Program Files\Microsoft SQL Server\120\Tools\Binn\;C:\Program Files\Microsoft SQL Server\Client SDK\ODBC\110\Tools\Binn\;C:\Program Files (x86)\Microsoft SQL Server\120\Tools\Binn\;C:\Program Files\Microsoft SQL Server\120\DTS\Binn\;C:\Program Files (x86)\Microsoft SQL Server\120\Tools\Binn\ManagementStudio\;C:\Program Files (x86)\Microsoft SQL Server\120\DTS\Binn\;C:\Program Files\Microsoft\Web Platform Installer\;C:\Program Files (x86)\Microsoft ASP.NET\ASP.NET Web Pages\v1.0\;C:\Program Files (x86)\Windows Kits\8.0\Windows Performance Toolkit\;C:\Program Files\Microsoft SQL Server\110\Tools\Binn\;C:\Program Files\MATLAB\R2009b\runtime\win64;C:\Program Files\MATLAB\R2009b\bin;C:\Program Files (x86)\Microsoft SQL Server\110\Tools\Binn\;C:\Program Files\Microsoft SQL Server\110\DTS\Binn\;C:\PROGRA~2\IDMCOM~1\ULTRAE~1;C:\altera\14.0\modelsim_ase\win32aloem;C:\altera\14.0\modelsim_ae\win32aloem
USERNAME=admin
OS=Windows_NT
PROCESSOR_IDENTIFIER=Intel64 Family 6 Model 69 Stepping 1, GenuineIntel



---------------  S Y S T E M  ---------------

OS: Windows NT 6.1 Build 7601 Service Pack 1

CPU:total 4 (8 cores per cpu, 2 threads per core) family 6 model 5 stepping 1, cmov, cx8, fxsr, mmx, sse, sse2, sse3, ssse3, ht

Memory: 4k page, physical 4113892k(373136k free), swap 8306360k(5668k free)

vm_info: Java HotSpot(TM) 64-Bit Server VM (11.2-b01) for windows-amd64 JRE (1.6.0_12-b04), built on Jan 17 2009 01:49:05 by "java_re" with MS VC++ 8.0

time: Thu Aug 13 01:50:06 2015
elapsed time: 9 seconds

