#
# An unexpected error has been detected by Java Runtime Environment:
#
#  Internal Error (0xe06d7363), pid=5232, tid=2480
#
# Java VM: Java HotSpot(TM) Client VM (11.2-b01 mixed mode windows-x86)
# Problematic frame:
# C  [KERNELBASE.dll+0x812f]
#
# If you would like to submit a bug report, please visit:
#   http://java.sun.com/webapps/bugreport/crash.jsp
# The crash happened outside the Java Virtual Machine in native code.
# See problematic frame for where to report the bug.
#

---------------  T H R E A D  ---------------

Current thread (0x0459dc00):  JavaThread "main" [_thread_in_native, id=2480, stack(0x00440000,0x00c40000)]

siginfo: ExceptionCode=0xe06d7363, ExceptionInformation=0x19930520 0x00c3ac40 0x7bbf6510 

Registers:
EAX=0x00c34b58, EBX=0x00000000, ECX=0x00000003, EDX=0x00000000
ESP=0x00c34b58, EBP=0x00c34ba8, ESI=0x00c3abfc, EDI=0x79c48b6c
EIP=0x7538812f, EFLAGS=0x00000212

Top of Stack: (sp=0x00c34b58)
0x00c34b58:   e06d7363 00000001 00000000 7538812f
0x00c34b68:   00000003 19930520 00c3ac40 7bbf6510
0x00c34b78:   21eefb70 0000002f 21ef0e08 00000025
0x00c34b88:   00c34bac 70c0394d 21eefb70 0000002f
0x00c34b98:   70c03958 00000025 00c3ac24 00c3ac68
0x00c34ba8:   00c34be0 70cb8e89 e06d7363 00000001
0x00c34bb8:   00000003 00c34bd4 e06d7363 00000001
0x00c34bc8:   00000000 00000000 00000003 19930520 

Instructions: (pc=0x7538812f)
0x7538811f:   e7 ff ff 83 c4 0c 8d 45 b0 50 ff 15 5c 11 38 75
0x7538812f:   c9 c2 10 00 89 45 c0 eb ed 3d 01 01 00 00 0f 85 


Stack: [0x00440000,0x00c40000],  sp=0x00c34b58,  free space=8146k
Native frames: (J=compiled Java code, j=interpreted, Vv=VM code, C=native code)
C  [KERNELBASE.dll+0x812f]
C  [MSVCR80.dll+0x28e89]
C  [libmx.dll+0x1523f]
C  [libmx.dll+0x16058]
C  [jmi.dll+0x5b4c]
C  [jmi.dll+0x5bcc]
C  [jmi.dll+0x6758]
C  0x7b702133
C  0x7b7020c3
C  0x7b702217
C  [nativejmi.dll+0x7b7a]
C  [nativejmi.dll+0x7c4f]
C  [nativejmi.dll+0xb944]
C  [nativejmi.dll+0xae76]
C  [mlutil.dll+0x132df]
C  [mlutil.dll+0x1b18d]
C  [nativejmi.dll+0xb9da]
j  com.mathworks.jmi.NativeMatlab.PostMatlabMessage(Ljava/lang/Object;J)V+0
j  com.mathworks.jmi.NativeMatlab.postMatlabMessage(Ljava/lang/Object;J)V+3
j  com.mathworks.jmi.NativeMatlab.postMatlabMessage(Ljava/lang/Object;)V+6
j  com.mathworks.jmi.MatlabLooper.postMatlabMessage(Lcom/mathworks/services/message/MWMessage;Lcom/mathworks/services/message/MWHandler;)V+30
j  com.mathworks.jmi.MatlabMCR.postAsync(Lcom/mathworks/services/message/MWMessage;Lcom/mathworks/jmi/CompletionObserver;Lcom/mathworks/jmi/MatlabListener;)V+34
j  com.mathworks.jmi.MatlabMCR.stderrString(Ljava/lang/String;)V+42
j  com.mathworks.jmi.MatlabErrStream.flush()V+19
j  java.io.PrintStream.write([BII)V+30
j  sun.nio.cs.StreamEncoder.writeBytes()V+120
j  sun.nio.cs.StreamEncoder.implFlushBuffer()V+11
j  sun.nio.cs.StreamEncoder.flushBuffer()V+15
j  java.io.OutputStreamWriter.flushBuffer()V+4
j  java.io.PrintStream.write(Ljava/lang/String;)V+27
j  java.io.PrintStream.print(Ljava/lang/String;)V+9
j  java.io.PrintStream.println(Ljava/lang/String;)V+6
j  java.lang.Throwable.printStackTrace(Ljava/io/PrintStream;)V+47
j  java.lang.Throwable.printStackTrace()V+4
v  ~StubRoutines::call_stub

Java frames: (J=compiled Java code, j=interpreted, Vv=VM code)
j  com.mathworks.jmi.NativeMatlab.PostMatlabMessage(Ljava/lang/Object;J)V+0
j  com.mathworks.jmi.NativeMatlab.postMatlabMessage(Ljava/lang/Object;J)V+3
j  com.mathworks.jmi.NativeMatlab.postMatlabMessage(Ljava/lang/Object;)V+6
j  com.mathworks.jmi.MatlabLooper.postMatlabMessage(Lcom/mathworks/services/message/MWMessage;Lcom/mathworks/services/message/MWHandler;)V+30
j  com.mathworks.jmi.MatlabMCR.postAsync(Lcom/mathworks/services/message/MWMessage;Lcom/mathworks/jmi/CompletionObserver;Lcom/mathworks/jmi/MatlabListener;)V+34
j  com.mathworks.jmi.MatlabMCR.stderrString(Ljava/lang/String;)V+42
j  com.mathworks.jmi.MatlabErrStream.flush()V+19
j  java.io.PrintStream.write([BII)V+30
j  sun.nio.cs.StreamEncoder.writeBytes()V+120
j  sun.nio.cs.StreamEncoder.implFlushBuffer()V+11
j  sun.nio.cs.StreamEncoder.flushBuffer()V+15
j  java.io.OutputStreamWriter.flushBuffer()V+4
j  java.io.PrintStream.write(Ljava/lang/String;)V+27
j  java.io.PrintStream.print(Ljava/lang/String;)V+9
j  java.io.PrintStream.println(Ljava/lang/String;)V+6
j  java.lang.Throwable.printStackTrace(Ljava/io/PrintStream;)V+47
j  java.lang.Throwable.printStackTrace()V+4
v  ~StubRoutines::call_stub

---------------  P R O C E S S  ---------------

Java Threads: ( => current thread )
  0x19d11000 JavaThread "AWT-EventQueue-0" [_thread_blocked, id=7160, stack(0x15120000,0x151a0000)]
  0x19d10800 JavaThread "pool-2-thread-1" [_thread_blocked, id=6864, stack(0x15080000,0x15100000)]
  0x18e41000 JavaThread "Thread-49" [_thread_blocked, id=2164, stack(0x21660000,0x216e0000)]
  0x18e41400 JavaThread "Prefs Updater" daemon [_thread_blocked, id=3496, stack(0x1e450000,0x1e4d0000)]
  0x18e40400 JavaThread "Thread-26" [_thread_blocked, id=7884, stack(0x1bec0000,0x1bf40000)]
  0x18e3fc00 JavaThread "Thread-25" [_thread_blocked, id=5020, stack(0x1be40000,0x1bec0000)]
  0x18e3f800 JavaThread "Thread-24" [_thread_blocked, id=7180, stack(0x1bdc0000,0x1be40000)]
  0x18e3f000 JavaThread "Thread-23" [_thread_blocked, id=7108, stack(0x1bd40000,0x1bdc0000)]
  0x18e3ec00 JavaThread "Thread-22" [_thread_blocked, id=468, stack(0x1bcc0000,0x1bd40000)]
  0x18e3e400 JavaThread "Thread-21" [_thread_blocked, id=2080, stack(0x1bc40000,0x1bcc0000)]
  0x18e3e000 JavaThread "Thread-20" [_thread_blocked, id=7244, stack(0x1bbc0000,0x1bc40000)]
  0x18e3dc00 JavaThread "Thread-19" [_thread_blocked, id=5600, stack(0x1bb40000,0x1bbc0000)]
  0x18e3d400 JavaThread "Thread-18" [_thread_blocked, id=692, stack(0x1bac0000,0x1bb40000)]
  0x18e3d000 JavaThread "Thread-17" [_thread_blocked, id=6736, stack(0x1ba40000,0x1bac0000)]
  0x18e3c800 JavaThread "Thread-16" [_thread_blocked, id=8136, stack(0x1b9c0000,0x1ba40000)]
  0x18e3c400 JavaThread "Thread-15" [_thread_blocked, id=7556, stack(0x1b140000,0x1b1c0000)]
  0x18e3bc00 JavaThread "Active Reference Queue Daemon" daemon [_thread_blocked, id=8116, stack(0x1b0c0000,0x1b140000)]
  0x18e3b800 JavaThread "Timer-8" daemon [_thread_blocked, id=7104, stack(0x1b040000,0x1b0c0000)]
  0x18e3b000 JavaThread "FelixPackageAdmin" daemon [_thread_blocked, id=564, stack(0x1afc0000,0x1b040000)]
  0x18e3ac00 JavaThread "FelixStartLevel" daemon [_thread_blocked, id=8168, stack(0x1af40000,0x1afc0000)]
  0x18e3a800 JavaThread "FelixDispatchQueue" [_thread_blocked, id=8148, stack(0x1aec0000,0x1af40000)]
  0x18e3a000 JavaThread "Timer-7" daemon [_thread_blocked, id=3768, stack(0x1ae40000,0x1aec0000)]
  0x18d7d400 JavaThread "Timer-1" [_thread_blocked, id=7400, stack(0x197f0000,0x19870000)]
  0x189ed000 JavaThread "TimerQueue" daemon [_thread_blocked, id=6000, stack(0x19720000,0x197a0000)]
  0x18913400 JavaThread "AWT-Windows" daemon [_thread_blocked, id=6240, stack(0x19010000,0x19090000)]
  0x18887400 JavaThread "AWT-Shutdown" [_thread_blocked, id=7196, stack(0x18f90000,0x19010000)]
  0x18886c00 JavaThread "Java2D Disposer" daemon [_thread_blocked, id=6816, stack(0x18f10000,0x18f90000)]
  0x181d2000 JavaThread "Timer-0" [_thread_blocked, id=7584, stack(0x14ed0000,0x14f50000)]
  0x18173800 JavaThread "JMI Unnamed Thread" [_thread_in_native, id=6492, stack(0x03a80000,0x04280000)]
  0x04671000 JavaThread "Low Memory Detector" daemon [_thread_blocked, id=2328, stack(0x14e40000,0x14ec0000)]
  0x0466c400 JavaThread "CompilerThread0" daemon [_thread_blocked, id=5564, stack(0x17110000,0x17910000)]
  0x04661c00 JavaThread "Attach Listener" daemon [_thread_blocked, id=6804, stack(0x14dc0000,0x14e40000)]
  0x04626000 JavaThread "Finalizer" daemon [_thread_blocked, id=7152, stack(0x14d40000,0x14dc0000)]
  0x04621400 JavaThread "Reference Handler" daemon [_thread_blocked, id=7320, stack(0x14cc0000,0x14d40000)]
=>0x0459dc00 JavaThread "main" [_thread_in_native, id=2480, stack(0x00440000,0x00c40000)]

Other Threads:
  0x0461c800 VMThread [stack: 0x16910000,0x17110000] [id=8044]
  0x0467b800 WatcherThread [stack: 0x17910000,0x18110000] [id=7764]

VM state:at safepoint (normal execution)

VM Mutex/Monitor currently owned by a thread:  ([mutex/lock_event])
[0x0459f5e0] UNKNOWN - owner thread: 0x0461c800
[0x0459fa40] UNKNOWN - owner thread: 0x18913400

Heap
 def new generation   total 29504K, used 29504K [0x088c0000, 0x0a8c0000, 0x0a8c0000)
  eden space 26240K, 100% used [0x088c0000, 0x0a260000, 0x0a260000)
  from space 3264K, 100% used [0x0a590000, 0x0a8c0000, 0x0a8c0000)
  to   space 3264K,   0% used [0x0a260000, 0x0a260000, 0x0a590000)
 tenured generation   total 98304K, used 98304K [0x0a8c0000, 0x108c0000, 0x108c0000)
   the space 98304K, 100% used [0x0a8c0000, 0x108c0000, 0x108c0000, 0x108c0000)
 compacting perm gen  total 35328K, used 35178K [0x108c0000, 0x12b40000, 0x148c0000)
   the space 35328K,  99% used [0x108c0000, 0x12b1aa98, 0x12b1ac00, 0x12b40000)
No shared spaces configured.

Dynamic libraries:
0x00400000 - 0x00433000 	C:\Program Files\MATLAB\R2009b\bin\win32\matlab.exe
0x77100000 - 0x7723c000 	C:\Windows\SYSTEM32\ntdll.dll
0x75570000 - 0x75644000 	C:\Windows\system32\kernel32.dll
0x75380000 - 0x753cb000 	C:\Windows\system32\KERNELBASE.dll
0x7bae0000 - 0x7bb89000 	C:\Program Files\MATLAB\R2009b\bin\win32\libut.dll
0x76940000 - 0x7696b000 	C:\Windows\system32\imagehlp.dll
0x76b50000 - 0x76bfc000 	C:\Windows\system32\msvcrt.dll
0x76700000 - 0x767a0000 	C:\Windows\system32\ADVAPI32.dll
0x76e10000 - 0x76e29000 	C:\Windows\SYSTEM32\sechost.dll
0x76890000 - 0x76932000 	C:\Windows\system32\RPCRT4.dll
0x76690000 - 0x76695000 	C:\Windows\system32\PSAPI.DLL
0x7c1c0000 - 0x7c1df000 	C:\Program Files\MATLAB\R2009b\bin\win32\LIBEXPAT.dll
0x70c90000 - 0x70d2b000 	C:\Windows\WinSxS\x86_microsoft.vc80.crt_1fc8b3b9a1e18e3b_8.0.50727.6195_none_d09154e044272b9a\MSVCR80.dll
0x7bf40000 - 0x7c028000 	C:\Program Files\MATLAB\R2009b\bin\win32\icuuc40.dll
0x7b5e0000 - 0x7b5e4000 	C:\Program Files\MATLAB\R2009b\bin\win32\icudt40.dll
0x7b5f0000 - 0x7b5fc000 	C:\Program Files\MATLAB\R2009b\bin\win32\icuio40.dll
0x7b830000 - 0x7b928000 	C:\Program Files\MATLAB\R2009b\bin\win32\icuin40.dll
0x70c00000 - 0x70c87000 	C:\Windows\WinSxS\x86_microsoft.vc80.crt_1fc8b3b9a1e18e3b_8.0.50727.6195_none_d09154e044272b9a\MSVCP80.dll
0x76970000 - 0x76a39000 	C:\Windows\system32\USER32.dll
0x76d60000 - 0x76dae000 	C:\Windows\system32\GDI32.dll
0x75650000 - 0x7565a000 	C:\Windows\system32\LPK.dll
0x77290000 - 0x7732d000 	C:\Windows\system32\USP10.dll
0x786f0000 - 0x78728000 	C:\Program Files\MATLAB\R2009b\bin\win32\libmwfl.dll
0x7d390000 - 0x7d39e000 	C:\Program Files\MATLAB\R2009b\bin\win32\boost_date_time-vc80-mt-1_36.dll
0x7d280000 - 0x7d290000 	C:\Program Files\MATLAB\R2009b\bin\win32\boost_signals-vc80-mt-1_36.dll
0x7c710000 - 0x7c717000 	C:\Program Files\MATLAB\R2009b\bin\win32\boost_system-vc80-mt-1_36.dll
0x7b5d0000 - 0x7b5dc000 	C:\Program Files\MATLAB\R2009b\bin\win32\boost_thread-vc80-mt-1_36.dll
0x7bc10000 - 0x7be19000 	C:\Program Files\MATLAB\R2009b\bin\win32\libmwservices.dll
0x7bb90000 - 0x7bc0b000 	C:\Program Files\MATLAB\R2009b\bin\win32\libmx.dll
0x78bc0000 - 0x78bd3000 	C:\Program Files\MATLAB\R2009b\bin\win32\zlib1.dll
0x7be20000 - 0x7bf34000 	C:\Program Files\MATLAB\R2009b\bin\win32\libmwmathutil.dll
0x79cf0000 - 0x79d25000 	C:\Program Files\MATLAB\R2009b\bin\win32\mpath.dll
0x7c2c0000 - 0x7c2f0000 	C:\Program Files\MATLAB\R2009b\bin\win32\mlutil.dll
0x786a0000 - 0x786ce000 	C:\Program Files\MATLAB\R2009b\bin\win32\tbb.dll
0x6eb30000 - 0x6ebb4000 	C:\Windows\WinSxS\x86_microsoft.windows.common-controls_6595b64144ccf1df_5.82.7601.18201_none_ec80f00e8593ece5\COMCTL32.dll
0x76ad0000 - 0x76b4b000 	C:\Windows\system32\comdlg32.dll
0x76db0000 - 0x76e07000 	C:\Windows\system32\SHLWAPI.dll
0x75a40000 - 0x7668a000 	C:\Windows\system32\SHELL32.dll
0x73710000 - 0x73721000 	C:\Windows\system32\NETAPI32.dll
0x73700000 - 0x73709000 	C:\Windows\system32\netutils.dll
0x74db0000 - 0x74dc9000 	C:\Windows\system32\srvcli.dll
0x736f0000 - 0x736ff000 	C:\Windows\system32\wkscli.dll
0x759f0000 - 0x75a25000 	C:\Windows\system32\WS2_32.dll
0x759e0000 - 0x759e6000 	C:\Windows\system32\NSI.dll
0x7d560000 - 0x7d576000 	C:\Program Files\MATLAB\R2009b\bin\win32\boost_filesystem-vc80-mt-1_36.dll
0x7a270000 - 0x7a2d0000 	C:\Program Files\MATLAB\R2009b\bin\win32\mcr.dll
0x7b600000 - 0x7b64f000 	C:\Program Files\MATLAB\R2009b\bin\win32\iqm.dll
0x7a850000 - 0x7ad3b000 	C:\Program Files\MATLAB\R2009b\bin\win32\m_interpreter.dll
0x7b660000 - 0x7b66c000 	C:\Program Files\MATLAB\R2009b\bin\win32\libmex.dll
0x7a140000 - 0x7a1a4000 	C:\Program Files\MATLAB\R2009b\bin\win32\m_dispatcher.dll
0x7d1e0000 - 0x7d23e000 	C:\Program Files\MATLAB\R2009b\bin\win32\xmlcore.dll
0x79600000 - 0x797c2000 	C:\Program Files\MATLAB\R2009b\bin\win32\xerces-c_2_7.dll
0x7d4b0000 - 0x7d54d000 	C:\Program Files\MATLAB\R2009b\bin\win32\boost_regex-vc80-mt-1_36.dll
0x7a050000 - 0x7a0a7000 	C:\Program Files\MATLAB\R2009b\bin\win32\profiler.dll
0x7b6c0000 - 0x7b6de000 	C:\Program Files\MATLAB\R2009b\bin\win32\libmwmathrng.dll
0x78b40000 - 0x78b52000 	C:\Program Files\MATLAB\R2009b\bin\win32\m_pcodeio.dll
0x79cb0000 - 0x79ce7000 	C:\Program Files\MATLAB\R2009b\bin\win32\m_ir.dll
0x7a350000 - 0x7a843000 	C:\Program Files\MATLAB\R2009b\bin\win32\m_parser.dll
0x7b650000 - 0x7b65e000 	C:\Program Files\MATLAB\R2009b\bin\win32\ir_xfmr.dll
0x78730000 - 0x78891000 	C:\Program Files\MATLAB\R2009b\bin\win32\mcos.dll
0x7b6f0000 - 0x7b6fa000 	C:\Program Files\MATLAB\R2009b\bin\win32\mtok.dll
0x78b20000 - 0x78b36000 	C:\Program Files\MATLAB\R2009b\bin\win32\m_pcodegen.dll
0x78a90000 - 0x78aac000 	C:\Program Files\MATLAB\R2009b\bin\win32\bridge.dll
0x7b2c0000 - 0x7b344000 	C:\Program Files\MATLAB\R2009b\bin\win32\udd.dll
0x7c030000 - 0x7c128000 	C:\Program Files\MATLAB\R2009b\bin\win32\libmwgui.dll
0x78c20000 - 0x79034000 	C:\Program Files\MATLAB\R2009b\bin\win32\hg.dll
0x78ab0000 - 0x78ad7000 	C:\Program Files\MATLAB\R2009b\bin\win32\libmat.dll
0x7b930000 - 0x7bad5000 	C:\Program Files\MATLAB\R2009b\bin\win32\libhdf5.dll
0x79c20000 - 0x79c61000 	C:\Program Files\MATLAB\R2009b\bin\win32\jmi.dll
0x79920000 - 0x7994c000 	C:\Program Files\MATLAB\R2009b\bin\win32\libmwhardcopy.dll
0x79c70000 - 0x79ca9000 	C:\Program Files\MATLAB\R2009b\bin\win32\libuij.dll
0x785d0000 - 0x7869f000 	C:\Program Files\MATLAB\R2009b\bin\win32\hgdatatypes.dll
0x785a0000 - 0x785d0000 	C:\Program Files\MATLAB\R2009b\bin\win32\hgutils.dll
0x78ae0000 - 0x78b11000 	C:\Program Files\MATLAB\R2009b\bin\win32\libmwlapack.dll
0x7b680000 - 0x7b68e000 	C:\Program Files\MATLAB\R2009b\bin\win32\libmwbinder.dll
0x7b350000 - 0x7b5c4000 	C:\Program Files\MATLAB\R2009b\bin\win32\uiw.dll
0x7b730000 - 0x7b739000 	C:\Program Files\MATLAB\R2009b\bin\win32\uinone.dll
0x5a530000 - 0x5a63f000 	C:\Windows\WinSxS\x86_microsoft.vc80.mfc_1fc8b3b9a1e18e3b_8.0.50727.6195_none_cbf5e994470a1a8f\MFC80.DLL
0x6f6e0000 - 0x6f731000 	C:\Windows\system32\WINSPOOL.DRV
0x76c00000 - 0x76d5c000 	C:\Windows\system32\ole32.dll
0x76a40000 - 0x76acf000 	C:\Windows\system32\OLEAUT32.dll
0x7a2d0000 - 0x7a346000 	C:\Program Files\MATLAB\R2009b\bin\win32\udd_mi.dll
0x78b60000 - 0x78b73000 	C:\Program Files\MATLAB\R2009b\bin\win32\mwoles05.DLL
0x7a000000 - 0x7a045000 	C:\Program Files\MATLAB\R2009b\bin\win32\comcli.dll
0x72950000 - 0x7296b000 	C:\Windows\WinSxS\x86_microsoft.vc80.atl_1fc8b3b9a1e18e3b_8.0.50727.6195_none_d1cb102c435421de\ATL80.DLL
0x7b6e0000 - 0x7b6eb000 	C:\Program Files\MATLAB\R2009b\bin\win32\mlautoregister.dll
0x76870000 - 0x7688f000 	C:\Windows\system32\IMM32.DLL
0x767a0000 - 0x7686c000 	C:\Windows\system32\MSCTF.dll
0x69ba0000 - 0x69bab000 	C:\Windows\WinSxS\x86_microsoft.vc80.mfcloc_1fc8b3b9a1e18e3b_8.0.50727.6195_none_03ce2c72205943d3\MFC80CHT.DLL
0x73fd0000 - 0x74010000 	C:\Windows\system32\uxtheme.dll
0x75110000 - 0x7511b000 	C:\Windows\system32\profapi.dll
0x716c0000 - 0x716dc000 	C:\Windows\system32\iphlpapi.dll
0x716a0000 - 0x716a7000 	C:\Windows\system32\WINNSI.DLL
0x74990000 - 0x749d4000 	C:\Windows\system32\DNSAPI.dll
0x71520000 - 0x7152d000 	C:\Windows\system32\dhcpcsvc6.DLL
0x71500000 - 0x71512000 	C:\Windows\system32\dhcpcsvc.DLL
0x67f00000 - 0x67f03000 	C:\Windows\system32\icmp.Dll
0x74ff0000 - 0x74ffc000 	C:\Windows\system32\CRYPTBASE.dll
0x799c0000 - 0x79c16000 	C:\Program Files\MATLAB\R2009b\sys\java\jre\win32\jre\bin\client\jvm.dll
0x73440000 - 0x73472000 	C:\Windows\system32\WINMM.dll
0x7c1e0000 - 0x7c236000 	C:\Program Files\MATLAB\R2009b\bin\win32\MSVCR71.dll
0x74fa0000 - 0x74fec000 	C:\Windows\system32\apphelp.dll
0x67870000 - 0x6795b000 	C:\Windows\system32\dbghelp.dll
0x73ca0000 - 0x73cb3000 	C:\Windows\system32\dwmapi.dll
0x7a100000 - 0x7a108000 	C:\Program Files\MATLAB\R2009b\sys\java\jre\win32\jre\bin\hpi.dll
0x7a120000 - 0x7a12c000 	C:\Program Files\MATLAB\R2009b\sys\java\jre\win32\jre\bin\verify.dll
0x78be0000 - 0x78bff000 	C:\Program Files\MATLAB\R2009b\sys\java\jre\win32\jre\bin\java.dll
0x7a130000 - 0x7a13f000 	C:\Program Files\MATLAB\R2009b\sys\java\jre\win32\jre\bin\zip.dll
0x76e30000 - 0x76eb3000 	C:\Windows\system32\CLBCatQ.DLL
0x78b80000 - 0x78b98000 	C:\Program Files\MATLAB\R2009b\bin\win32\nativejava.dll
0x78ba0000 - 0x78bbf000 	C:\Program Files\MATLAB\R2009b\bin\win32\nativejmi.dll
0x7b720000 - 0x7b726000 	C:\Program Files\MATLAB\R2009b\bin\win32\nativeservices.dll
0x797d0000 - 0x7991a000 	C:\Program Files\MATLAB\R2009b\sys\java\jre\win32\jre\bin\awt.dll
0x7a1b0000 - 0x7a204000 	C:\Program Files\MATLAB\R2009b\sys\java\jre\win32\jre\bin\fontmanager.dll
0x78c00000 - 0x78c13000 	C:\Program Files\MATLAB\R2009b\sys\java\jre\win32\jre\bin\net.dll
0x74ad0000 - 0x74b0c000 	C:\Windows\system32\mswsock.dll
0x74ac0000 - 0x74ac6000 	C:\Windows\System32\wship6.dll
0x7a110000 - 0x7a119000 	C:\Program Files\MATLAB\R2009b\sys\java\jre\win32\jre\bin\nio.dll
0x74b10000 - 0x74b26000 	C:\Windows\system32\CRYPTSP.dll
0x748b0000 - 0x748eb000 	C:\Windows\system32\rsaenh.dll
0x75120000 - 0x75137000 	C:\Windows\system32\USERENV.dll
0x73430000 - 0x73440000 	C:\Windows\system32\NLAapi.dll
0x70b10000 - 0x70b20000 	C:\Windows\system32\napinsp.dll
0x70530000 - 0x70542000 	C:\Windows\system32\pnrpnsp.dll
0x70520000 - 0x70528000 	C:\Windows\System32\winrnr.dll
0x74640000 - 0x74645000 	C:\Windows\System32\wshtcpip.dll
0x70e80000 - 0x70e86000 	C:\Windows\system32\rasadhlp.dll
0x715a0000 - 0x715d8000 	C:\Windows\System32\fwpuclnt.dll

VM Arguments:
jvm_args: -Xss512k -XX:PermSize=32m -Xms64m -XX:NewRatio=3 -XX:MaxPermSize=64m -Xmx128m -XX:MaxDirectMemorySize=1200000000 -Dsun.java2d.noddraw=true -Dsun.awt.nopixfmt=true -Xshare:off -Xrs -Djava.library.path=C:\Program Files\MATLAB\R2009b\bin\win32 vfprintf abort 
java_command: <unknown>
Launcher Type: generic

Environment Variables:
PATH=C:\ProgramData\Oracle\Java\javapath;C:\Program Files\Intel\iCLS Client\;C:\Windows\system32;C:\Windows;C:\Windows\System32\Wbem;C:\Windows\System32\WindowsPowerShell\v1.0\;C:\Program Files\Intel\Intel(R) Management Engine Components\DAL;C:\Program Files\Intel\Intel(R) Management Engine Components\IPT;C:\Program Files\Java\jdk1.8.0_20;C:\Program Files\MATLAB\R2009b\runtime\win32;C:\Program Files\MATLAB\R2009b\bin;c:\Program Files\Microsoft SQL Server\100\Tools\Binn\;c:\Program Files\Microsoft SQL Server\100\DTS\Binn\;C:\altera\14.0\modelsim_ase\win32aloem;c:\altera\11.1\modelsim_ase\win32aloem
USERNAME=gn00254192
OS=Windows_NT
PROCESSOR_IDENTIFIER=x86 Family 6 Model 58 Stepping 9, GenuineIntel



---------------  S Y S T E M  ---------------

OS: Windows NT 6.1 Build 7601 Service Pack 1

CPU:total 4 (8 cores per cpu, 2 threads per core) family 6 model 10 stepping 9, cmov, cx8, fxsr, mmx, sse, sse2, sse3, ssse3, ht

Memory: 4k page, physical 3647800k(2153940k free), swap 4194303k(4194303k free)

vm_info: Java HotSpot(TM) Client VM (11.2-b01) for windows-x86 JRE (1.6.0_12-b04), built on Jan 17 2009 09:57:14 by "java_re" with MS VC++ 7.1

time: Thu Feb 12 13:03:15 2015
elapsed time: 4073 seconds

